c:\users\tyler\documents\coding\rust\elixr.vip\elixr.vip\x64\debug\vc143.pdb
c:\users\tyler\documents\coding\rust\elixr.vip\elixr.vip\x64\debug\dllmain.obj
c:\users\tyler\documents\coding\rust\elixr.vip\elixr.vip\x64\debug\console.obj
c:\users\tyler\documents\coding\rust\elixr.vip\elixr.vip\x64\debug\offsets.obj
c:\users\tyler\documents\coding\rust\elixr.vip\elixr.vip\x64\debug\il2.obj
c:\users\tyler\documents\coding\rust\elixr.vip\elixr.vip\x64\debug\c_baseplayer.obj
c:\users\tyler\documents\coding\rust\elixr.vip\x64\debug\elixr.vip.dll
c:\users\tyler\documents\coding\rust\elixr.vip\elixr.vip\x64\debug\elixr.vip.ilk
c:\users\tyler\documents\coding\rust\elixr.vip\x64\debug\elixr.vip.pdb
c:\users\tyler\documents\coding\rust\elixr.vip\elixr.vip\x64\debug\memory.obj
c:\users\tyler\documents\coding\rust\elixr.vip\elixr.vip\x64\debug\elixr.vip.tlog\cl.command.1.tlog
c:\users\tyler\documents\coding\rust\elixr.vip\elixr.vip\x64\debug\elixr.vip.tlog\cl.items.tlog
c:\users\tyler\documents\coding\rust\elixr.vip\elixr.vip\x64\debug\elixr.vip.tlog\cl.read.1.tlog
c:\users\tyler\documents\coding\rust\elixr.vip\elixr.vip\x64\debug\elixr.vip.tlog\cl.write.1.tlog
c:\users\tyler\documents\coding\rust\elixr.vip\elixr.vip\x64\debug\elixr.vip.tlog\link-cvtres.read.1.tlog
c:\users\tyler\documents\coding\rust\elixr.vip\elixr.vip\x64\debug\elixr.vip.tlog\link-cvtres.write.1.tlog
c:\users\tyler\documents\coding\rust\elixr.vip\elixr.vip\x64\debug\elixr.vip.tlog\link-rc.read.1.tlog
c:\users\tyler\documents\coding\rust\elixr.vip\elixr.vip\x64\debug\elixr.vip.tlog\link-rc.write.1.tlog
c:\users\tyler\documents\coding\rust\elixr.vip\elixr.vip\x64\debug\elixr.vip.tlog\link.13288-cvtres.read.1.tlog
c:\users\tyler\documents\coding\rust\elixr.vip\elixr.vip\x64\debug\elixr.vip.tlog\link.13288-cvtres.write.1.tlog
c:\users\tyler\documents\coding\rust\elixr.vip\elixr.vip\x64\debug\elixr.vip.tlog\link.13288-rc.read.1.tlog
c:\users\tyler\documents\coding\rust\elixr.vip\elixr.vip\x64\debug\elixr.vip.tlog\link.13288-rc.write.1.tlog
c:\users\tyler\documents\coding\rust\elixr.vip\elixr.vip\x64\debug\elixr.vip.tlog\link.13288.read.1.tlog
c:\users\tyler\documents\coding\rust\elixr.vip\elixr.vip\x64\debug\elixr.vip.tlog\link.13288.read.2.tlog
c:\users\tyler\documents\coding\rust\elixr.vip\elixr.vip\x64\debug\elixr.vip.tlog\link.13288.write.1.tlog
c:\users\tyler\documents\coding\rust\elixr.vip\elixr.vip\x64\debug\elixr.vip.tlog\link.command.1.tlog
c:\users\tyler\documents\coding\rust\elixr.vip\elixr.vip\x64\debug\elixr.vip.tlog\link.read.1.tlog
c:\users\tyler\documents\coding\rust\elixr.vip\elixr.vip\x64\debug\elixr.vip.tlog\link.read.2.tlog
c:\users\tyler\documents\coding\rust\elixr.vip\elixr.vip\x64\debug\elixr.vip.tlog\link.write.1.tlog
